2018-12-08 12:20:30.841  INFO SHIBU-PC --- [nio-7083-exec-5] c.o.p.p.c.PropertyController             : fetchPropertyTypes -- START
2018-12-08 12:20:30.841  INFO SHIBU-PC --- [nio-7083-exec-9] c.o.p.p.c.PropertyController             : fetchPropertyTypes -- START
2018-12-08 12:20:31.548  INFO SHIBU-PC --- [nio-7083-exec-9] c.o.p.p.c.PropertyController             : fetchPropertyTypes -- END
2018-12-08 12:20:31.565  INFO SHIBU-PC --- [nio-7083-exec-5] c.o.p.p.c.PropertyController             : fetchPropertyTypes -- END
2018-12-08 12:21:00.825  INFO SHIBU-PC --- [nio-7083-exec-6] c.o.p.p.c.PropertyController             : fetchPropertyTypes -- START
2018-12-08 12:21:00.856  INFO SHIBU-PC --- [nio-7083-exec-6] c.o.p.p.c.PropertyController             : fetchPropertyTypes -- END
2018-12-09 18:30:08.546  INFO Abhideep-PC --- [nio-7083-exec-3] c.o.p.p.c.PropertyController             : fetchPropertyTypes -- START
2018-12-09 18:30:08.561  INFO Abhideep-PC --- [nio-7083-exec-3] c.o.p.p.s.i.PropertyServiceImpl          : fetchPropertyTypes -- START
2018-12-09 18:30:08.575  INFO Abhideep-PC --- [nio-7083-exec-3] c.o.p.p.v.AuthorizeUserValidation        : getUserDetails -- START
2018-12-09 18:30:11.133  INFO Abhideep-PC --- [nio-7083-exec-3] c.o.p.p.v.AuthorizeUserValidation        : getUserDetails -- END
2018-12-09 18:30:11.133  INFO Abhideep-PC --- [nio-7083-exec-3] c.o.p.p.v.AuthorizeUserValidation        : validateLanguage -- START
2018-12-09 18:30:11.136  INFO Abhideep-PC --- [nio-7083-exec-3] c.o.p.p.v.AuthorizeUserValidation        : validateLanguage -- END
2018-12-09 18:30:16.661  INFO Abhideep-PC --- [nio-7083-exec-3] c.o.p.p.c.PropertyTypeConverter          : entityListToModelList -- START
2018-12-09 18:30:16.662  INFO Abhideep-PC --- [nio-7083-exec-3] c.o.p.p.c.PropertyTypeConverter          : entityToModel -- START
2018-12-09 18:30:16.678  INFO Abhideep-PC --- [nio-7083-exec-3] c.o.p.p.c.PropertyTypeConverter          : entityToModel -- END
2018-12-09 18:30:16.678  INFO Abhideep-PC --- [nio-7083-exec-3] c.o.p.p.c.PropertyTypeConverter          : entityToModel -- START
2018-12-09 18:30:16.678  INFO Abhideep-PC --- [nio-7083-exec-3] c.o.p.p.c.PropertyTypeConverter          : entityToModel -- END
2018-12-09 18:30:16.678  INFO Abhideep-PC --- [nio-7083-exec-3] c.o.p.p.c.PropertyTypeConverter          : entityListToModelList -- END
2018-12-09 18:30:16.678  INFO Abhideep-PC --- [nio-7083-exec-3] c.o.p.p.s.i.PropertyServiceImpl          : fetchPropertyTypes -- END
2018-12-09 18:30:16.691  INFO Abhideep-PC --- [nio-7083-exec-3] c.o.p.p.c.PropertyController             : fetchPropertyTypes -- END
2018-12-09 18:31:53.361  INFO Abhideep-PC --- [nio-7083-exec-1] c.o.p.p.c.PropertyController             : fetchPropertyTypes -- START
2018-12-09 18:31:53.368  INFO Abhideep-PC --- [nio-7083-exec-1] c.o.p.p.s.i.PropertyServiceImpl          : fetchPropertyTypes -- START
2018-12-09 18:31:53.373  INFO Abhideep-PC --- [nio-7083-exec-1] c.o.p.p.v.AuthorizeUserValidation        : getUserDetails -- START
2018-12-09 18:31:55.927  INFO Abhideep-PC --- [nio-7083-exec-1] c.o.p.p.v.AuthorizeUserValidation        : getUserDetails -- END
2018-12-09 18:31:55.927  INFO Abhideep-PC --- [nio-7083-exec-1] c.o.p.p.v.AuthorizeUserValidation        : validateLanguage -- START
2018-12-09 18:31:55.929  INFO Abhideep-PC --- [nio-7083-exec-1] c.o.p.p.v.AuthorizeUserValidation        : validateLanguage -- END
2018-12-09 18:31:56.010  INFO Abhideep-PC --- [nio-7083-exec-1] c.o.p.p.s.i.PropertyServiceImpl          : fetchPropertyTypes -- END
2018-12-09 18:31:56.014  INFO Abhideep-PC --- [nio-7083-exec-1] c.o.p.p.c.PropertyController             : fetchPropertyTypes -- END
2018-12-09 18:33:42.422  INFO Abhideep-PC --- [nio-7083-exec-1] c.o.p.p.c.PropertyController             : fetchPropertyTypes -- START
2018-12-09 18:33:42.427  INFO Abhideep-PC --- [nio-7083-exec-1] c.o.p.p.s.i.PropertyServiceImpl          : fetchPropertyTypes -- START
2018-12-09 18:33:42.432  INFO Abhideep-PC --- [nio-7083-exec-1] c.o.p.p.v.AuthorizeUserValidation        : getUserDetails -- START
2018-12-09 18:33:44.988  INFO Abhideep-PC --- [nio-7083-exec-1] c.o.p.p.v.AuthorizeUserValidation        : getUserDetails -- END
2018-12-09 18:33:44.988  INFO Abhideep-PC --- [nio-7083-exec-1] c.o.p.p.v.AuthorizeUserValidation        : validateLanguage -- START
2018-12-09 18:33:44.993  INFO Abhideep-PC --- [nio-7083-exec-1] c.o.p.p.v.AuthorizeUserValidation        : validateLanguage -- END
2018-12-09 18:33:45.005  INFO Abhideep-PC --- [nio-7083-exec-1] c.o.p.p.c.PropertyTypeConverter          : entityListToModelList -- START
2018-12-09 18:33:45.006  INFO Abhideep-PC --- [nio-7083-exec-1] c.o.p.p.c.PropertyTypeConverter          : entityToModel -- START
2018-12-09 18:33:45.104  INFO Abhideep-PC --- [nio-7083-exec-1] c.o.p.p.c.PropertyTypeConverter          : entityToModel -- END
2018-12-09 18:33:45.104  INFO Abhideep-PC --- [nio-7083-exec-1] c.o.p.p.c.PropertyTypeConverter          : entityToModel -- START
2018-12-09 18:33:45.251  INFO Abhideep-PC --- [nio-7083-exec-1] c.o.p.p.c.PropertyTypeConverter          : entityToModel -- END
2018-12-09 18:33:45.251  INFO Abhideep-PC --- [nio-7083-exec-1] c.o.p.p.c.PropertyTypeConverter          : entityListToModelList -- END
2018-12-09 18:33:45.251  INFO Abhideep-PC --- [nio-7083-exec-1] c.o.p.p.s.i.PropertyServiceImpl          : fetchPropertyTypes -- END
2018-12-09 18:33:45.256  INFO Abhideep-PC --- [nio-7083-exec-1] c.o.p.p.c.PropertyController             : fetchPropertyTypes -- END
2018-12-09 18:35:09.390  INFO Abhideep-PC --- [nio-7083-exec-1] c.o.p.p.c.PropertyController             : fetchPropertyTypes -- START
2018-12-09 18:35:09.396  INFO Abhideep-PC --- [nio-7083-exec-1] c.o.p.p.s.i.PropertyServiceImpl          : fetchPropertyTypes -- START
2018-12-09 18:35:09.400  INFO Abhideep-PC --- [nio-7083-exec-1] c.o.p.p.v.AuthorizeUserValidation        : getUserDetails -- START
2018-12-09 18:35:11.953  INFO Abhideep-PC --- [nio-7083-exec-1] c.o.p.p.v.AuthorizeUserValidation        : getUserDetails -- END
2018-12-09 18:35:11.954  INFO Abhideep-PC --- [nio-7083-exec-1] c.o.p.p.v.AuthorizeUserValidation        : validateLanguage -- START
2018-12-09 18:35:11.956  INFO Abhideep-PC --- [nio-7083-exec-1] c.o.p.p.v.AuthorizeUserValidation        : validateLanguage -- END
2018-12-09 18:35:11.962  INFO Abhideep-PC --- [nio-7083-exec-1] c.o.p.p.c.PropertyTypeConverter          : entityListToModelList -- START
2018-12-09 18:35:11.962  INFO Abhideep-PC --- [nio-7083-exec-1] c.o.p.p.c.PropertyTypeConverter          : entityToModel -- START
2018-12-09 18:35:12.060  INFO Abhideep-PC --- [nio-7083-exec-1] c.o.p.p.c.PropertyTypeConverter          : entityToModel -- END
2018-12-09 18:35:12.060  INFO Abhideep-PC --- [nio-7083-exec-1] c.o.p.p.c.PropertyTypeConverter          : entityToModel -- START
2018-12-09 18:35:12.083  INFO Abhideep-PC --- [nio-7083-exec-1] c.o.p.p.c.PropertyTypeConverter          : entityToModel -- END
2018-12-09 18:35:12.083  INFO Abhideep-PC --- [nio-7083-exec-1] c.o.p.p.c.PropertyTypeConverter          : entityListToModelList -- END
2018-12-09 18:35:12.083  INFO Abhideep-PC --- [nio-7083-exec-1] c.o.p.p.s.i.PropertyServiceImpl          : fetchPropertyTypes -- END
2018-12-09 18:35:12.086  INFO Abhideep-PC --- [nio-7083-exec-1] c.o.p.p.c.PropertyController             : fetchPropertyTypes -- END
